<?xml version="1.0" encoding="UTF-8"?>
<!-- Generated by org.testng.reporters.JUnitXMLReporter -->
<testsuite hostname="DESKTOP-TNNGM7F" ignored="0" name="Default test" tests="4" failures="0" timestamp="10 Jan 2020 10:45:42 GMT" time="25.128" errors="0">
  <testcase name="partners" time="0.028" classname="com.Testrunner.Executionwindow"/>
  <testcase name="testrun" time="15.973" classname="com.Testrunner.Executionwindow"/>
  <testcase name="login" time="4.314" classname="com.Testrunner.Executionwindow"/>
  <testcase name="employeedetailsupdate" time="4.748" classname="com.Testrunner.Executionwindow"/>
</testsuite> <!-- Default test -->
