<?xml version="1.0" encoding="UTF-8"?>
<testng-results skipped="0" failed="0" ignored="0" total="4" passed="4">
  <reporter-output>
  </reporter-output>
  <suite name="Default suite" duration-ms="25128" started-at="2020-01-10T10:45:17Z" finished-at="2020-01-10T10:45:42Z">
    <groups>
    </groups>
    <test name="Default test" duration-ms="25128" started-at="2020-01-10T10:45:17Z" finished-at="2020-01-10T10:45:42Z">
      <class name="com.Testrunner.Executionwindow">
        <test-method status="PASS" signature="partners()[pri:0, instance:com.Testrunner.Executionwindow@148080bb]" name="partners" duration-ms="28" started-at="2020-01-10T10:45:17Z" finished-at="2020-01-10T10:45:17Z">
          <reporter-output>
          </reporter-output>
        </test-method> <!-- partners -->
        <test-method status="PASS" signature="testrun()[pri:0, instance:com.Testrunner.Executionwindow@148080bb]" name="testrun" duration-ms="15973" started-at="2020-01-10T10:45:17Z" finished-at="2020-01-10T10:45:33Z">
          <reporter-output>
          </reporter-output>
        </test-method> <!-- testrun -->
        <test-method status="PASS" signature="login()[pri:1, instance:com.Testrunner.Executionwindow@148080bb]" name="login" duration-ms="4314" started-at="2020-01-10T10:45:33Z" finished-at="2020-01-10T10:45:37Z">
          <reporter-output>
          </reporter-output>
        </test-method> <!-- login -->
        <test-method status="PASS" signature="employeedetailsupdate()[pri:2, instance:com.Testrunner.Executionwindow@148080bb]" name="employeedetailsupdate" duration-ms="4748" started-at="2020-01-10T10:45:37Z" finished-at="2020-01-10T10:45:42Z">
          <reporter-output>
          </reporter-output>
        </test-method> <!-- employeedetailsupdate -->
      </class> <!-- com.Testrunner.Executionwindow -->
    </test> <!-- Default test -->
  </suite> <!-- Default suite -->
</testng-results>
